<?xml version="1.0" encoding="UTF-8"?>
<!-- Generated by org.testng.reporters.JUnitXMLReporter -->
<testsuite ignored="0" hostname="LAPTOP-NUKSPRMG" failures="0" tests="6" name="Default test" time="2.257" errors="0" timestamp="2022-10-01T14:47:10 IST">
  <testcase classname="com.testing.testNG.tests.RegisterClass" name="doTest" time="0.175"/>
  <testcase classname="com.testing.testNG.tests.RegisterClass" name="doTest" time="0.175"/>
  <testcase classname="com.testing.testNG.tests.RegisterClass" name="doTest" time="0.178"/>
  <testcase classname="com.testing.testNG.tests.RegisterClass" name="doTest" time="0.166"/>
  <testcase classname="com.testing.testNG.tests.RegisterClass" name="doTest" time="0.169"/>
  <testcase classname="com.testing.testNG.tests.RegisterClass" name="doTest" time="0.173"/>
</testsuite> <!-- Default test -->
