<?xml version="1.0" encoding="UTF-8"?>
<!-- Generated by org.testng.reporters.JUnitXMLReporter -->
<testsuite ignored="0" hostname="LAPTOP-NUKSPRMG" failures="0" tests="7" name="Default test" time="4.747" errors="0" timestamp="2022-09-24T15:53:37 IST">
  <testcase classname="com.testing.testNG.tests.LoginTest_DataProvi" name="doLogin" time="0.124"/>
  <testcase classname="com.testing.testNG.tests.LoginTest_DataProvi" name="doLogin" time="0.087"/>
  <testcase classname="com.testing.testNG.tests.LoginTest_DataProvi" name="doLogin" time="0.1"/>
  <testcase classname="com.testing.testNG.tests.LoginTest_DataProvi" name="doLogin" time="0.095"/>
  <testcase classname="com.testing.testNG.tests.LoginTest_DataProvi" name="doLogin" time="0.113"/>
  <testcase classname="com.testing.testNG.tests.LoginTest_DataProvi" name="doLogin" time="0.098"/>
  <testcase classname="com.testing.testNG.tests.LoginTest_DataProvi" name="doLogin" time="3.394"/>
</testsuite> <!-- Default test -->
