<?xml version="1.0" encoding="UTF-8"?>
<!-- Generated by org.testng.reporters.JUnitXMLReporter -->
<testsuite ignored="0" hostname="LAPTOP-NUKSPRMG" failures="0" tests="7" name="Test" time="2.162" errors="0" timestamp="2022-09-24T17:05:34 IST">
  <testcase classname="com.testing.testNG.tests.LoginTest_DataProvi" name="doLogin" time="0.08"/>
  <testcase classname="com.testing.testNG.tests.LoginTest_DataProvi" name="doLogin" time="0.059"/>
  <testcase classname="com.testing.testNG.tests.LoginTest_DataProvi" name="doLogin" time="0.067"/>
  <testcase classname="com.testing.testNG.tests.LoginTest_DataProvi" name="doLogin" time="0.068"/>
  <testcase classname="com.testing.testNG.tests.LoginTest_DataProvi" name="doLogin" time="0.07"/>
  <testcase classname="com.testing.testNG.tests.LoginTest_DataProvi" name="doLogin" time="0.069"/>
  <testcase classname="com.testing.testNG.tests.LoginTest_DataProvi" name="doLogin" time="1.219"/>
</testsuite> <!-- Test -->
