<?xml version="1.0" encoding="UTF-8"?>
<!-- Generated by org.testng.reporters.JUnitXMLReporter -->
<testsuite ignored="0" hostname="LAPTOP-NUKSPRMG" failures="0" tests="13" name="Test" time="4.956" errors="0" timestamp="2022-10-01T15:00:14 IST">
  <testcase classname="com.testing.testNG.tests.LoginTest_DataProvi" name="doLogin" time="0.106"/>
  <testcase classname="com.testing.testNG.tests.LoginTest_DataProvi" name="doLogin" time="0.094"/>
  <testcase classname="com.testing.testNG.tests.LoginTest_DataProvi" name="doLogin" time="0.096"/>
  <testcase classname="com.testing.testNG.tests.LoginTest_DataProvi" name="doLogin" time="0.101"/>
  <testcase classname="com.testing.testNG.tests.LoginTest_DataProvi" name="doLogin" time="0.101"/>
  <testcase classname="com.testing.testNG.tests.LoginTest_DataProvi" name="doLogin" time="0.092"/>
  <testcase classname="com.testing.testNG.tests.LoginTest_DataProvi" name="doLogin" time="1.172"/>
  <testcase classname="com.testing.testNG.tests.RegisterClass" name="doTest" time="0.204"/>
  <testcase classname="com.testing.testNG.tests.RegisterClass" name="doTest" time="0.219"/>
  <testcase classname="com.testing.testNG.tests.RegisterClass" name="doTest" time="0.197"/>
  <testcase classname="com.testing.testNG.tests.RegisterClass" name="doTest" time="0.181"/>
  <testcase classname="com.testing.testNG.tests.RegisterClass" name="doTest" time="0.197"/>
  <testcase classname="com.testing.testNG.tests.RegisterClass" name="doTest" time="0.19"/>
</testsuite> <!-- Test -->
