<?xml version="1.0" encoding="UTF-8"?>
<testng-results ignored="0" total="7" passed="7" failed="0" skipped="0">
  <reporter-output>
  </reporter-output>
  <suite started-at="2022-09-24T17:05:31 IST" name="Suite" finished-at="2022-09-24T17:05:33 IST" duration-ms="2162">
    <groups>
    </groups>
    <test started-at="2022-09-24T17:05:31 IST" name="Test" finished-at="2022-09-24T17:05:33 IST" duration-ms="2162">
      <class name="com.testing.testNG.tests.LoginTest_DataProvi">
        <test-method is-config="true" signature="doSetUp()[pri:0, instance:com.testing.testNG.tests.LoginTest_DataProvi@2fd1433e]" started-at="2022-09-24T17:05:29 IST" name="doSetUp" finished-at="2022-09-24T17:05:31 IST" duration-ms="2233" status="PASS">
          <reporter-output>
          </reporter-output>
        </test-method> <!-- doSetUp -->
        <test-method is-config="true" signature="getXpath()[pri:0, instance:com.testing.testNG.tests.LoginTest_DataProvi@2fd1433e]" started-at="2022-09-24T17:05:31 IST" name="getXpath" finished-at="2022-09-24T17:05:31 IST" duration-ms="74" status="PASS">
          <reporter-output>
          </reporter-output>
        </test-method> <!-- getXpath -->
        <test-method signature="doLogin(java.lang.String,java.lang.String,java.lang.String)[pri:0, instance:com.testing.testNG.tests.LoginTest_DataProvi@2fd1433e]" started-at="2022-09-24T17:05:31 IST" name="doLogin" data-provider="loginData" finished-at="2022-09-24T17:05:31 IST" duration-ms="80" status="PASS">
          <params>
            <param index="0">
              <value>
                <![CDATA[Both are empty]]>
              </value>
            </param>
            <param index="1">
              <value>
                <![CDATA[]]>
              </value>
            </param>
            <param index="2">
              <value>
                <![CDATA[]]>
              </value>
            </param>
          </params>
          <reporter-output>
          </reporter-output>
        </test-method> <!-- doLogin -->
        <test-method is-config="true" signature="doAssert()[pri:0, instance:com.testing.testNG.tests.LoginTest_DataProvi@2fd1433e]" started-at="2022-09-24T17:05:31 IST" name="doAssert" finished-at="2022-09-24T17:05:31 IST" duration-ms="7" status="PASS">
          <reporter-output>
          </reporter-output>
        </test-method> <!-- doAssert -->
        <test-method is-config="true" signature="getXpath()[pri:0, instance:com.testing.testNG.tests.LoginTest_DataProvi@2fd1433e]" started-at="2022-09-24T17:05:31 IST" name="getXpath" finished-at="2022-09-24T17:05:32 IST" duration-ms="43" status="PASS">
          <reporter-output>
          </reporter-output>
        </test-method> <!-- getXpath -->
        <test-method signature="doLogin(java.lang.String,java.lang.String,java.lang.String)[pri:0, instance:com.testing.testNG.tests.LoginTest_DataProvi@2fd1433e]" started-at="2022-09-24T17:05:32 IST" name="doLogin" data-provider="loginData" finished-at="2022-09-24T17:05:32 IST" duration-ms="59" status="PASS">
          <params>
            <param index="0">
              <value>
                <![CDATA[Email is empty]]>
              </value>
            </param>
            <param index="1">
              <value>
                <![CDATA[]]>
              </value>
            </param>
            <param index="2">
              <value>
                <![CDATA[123456]]>
              </value>
            </param>
          </params>
          <reporter-output>
          </reporter-output>
        </test-method> <!-- doLogin -->
        <test-method is-config="true" signature="doAssert()[pri:0, instance:com.testing.testNG.tests.LoginTest_DataProvi@2fd1433e]" started-at="2022-09-24T17:05:32 IST" name="doAssert" finished-at="2022-09-24T17:05:32 IST" duration-ms="3" status="PASS">
          <reporter-output>
          </reporter-output>
        </test-method> <!-- doAssert -->
        <test-method is-config="true" signature="getXpath()[pri:0, instance:com.testing.testNG.tests.LoginTest_DataProvi@2fd1433e]" started-at="2022-09-24T17:05:32 IST" name="getXpath" finished-at="2022-09-24T17:05:32 IST" duration-ms="44" status="PASS">
          <reporter-output>
          </reporter-output>
        </test-method> <!-- getXpath -->
        <test-method signature="doLogin(java.lang.String,java.lang.String,java.lang.String)[pri:0, instance:com.testing.testNG.tests.LoginTest_DataProvi@2fd1433e]" started-at="2022-09-24T17:05:32 IST" name="doLogin" data-provider="loginData" finished-at="2022-09-24T17:05:32 IST" duration-ms="67" status="PASS">
          <params>
            <param index="0">
              <value>
                <![CDATA[Password is empty]]>
              </value>
            </param>
            <param index="1">
              <value>
                <![CDATA[queuecodes@gmail.com]]>
              </value>
            </param>
            <param index="2">
              <value>
                <![CDATA[]]>
              </value>
            </param>
          </params>
          <reporter-output>
          </reporter-output>
        </test-method> <!-- doLogin -->
        <test-method is-config="true" signature="doAssert()[pri:0, instance:com.testing.testNG.tests.LoginTest_DataProvi@2fd1433e]" started-at="2022-09-24T17:05:32 IST" name="doAssert" finished-at="2022-09-24T17:05:32 IST" duration-ms="4" status="PASS">
          <reporter-output>
          </reporter-output>
        </test-method> <!-- doAssert -->
        <test-method is-config="true" signature="getXpath()[pri:0, instance:com.testing.testNG.tests.LoginTest_DataProvi@2fd1433e]" started-at="2022-09-24T17:05:32 IST" name="getXpath" finished-at="2022-09-24T17:05:32 IST" duration-ms="42" status="PASS">
          <reporter-output>
          </reporter-output>
        </test-method> <!-- getXpath -->
        <test-method signature="doLogin(java.lang.String,java.lang.String,java.lang.String)[pri:0, instance:com.testing.testNG.tests.LoginTest_DataProvi@2fd1433e]" started-at="2022-09-24T17:05:32 IST" name="doLogin" data-provider="loginData" finished-at="2022-09-24T17:05:32 IST" duration-ms="68" status="PASS">
          <params>
            <param index="0">
              <value>
                <![CDATA[Both are invalid]]>
              </value>
            </param>
            <param index="1">
              <value>
                <![CDATA[codes@gmail.com]]>
              </value>
            </param>
            <param index="2">
              <value>
                <![CDATA[12356]]>
              </value>
            </param>
          </params>
          <reporter-output>
          </reporter-output>
        </test-method> <!-- doLogin -->
        <test-method is-config="true" signature="doAssert()[pri:0, instance:com.testing.testNG.tests.LoginTest_DataProvi@2fd1433e]" started-at="2022-09-24T17:05:32 IST" name="doAssert" finished-at="2022-09-24T17:05:32 IST" duration-ms="3" status="PASS">
          <reporter-output>
          </reporter-output>
        </test-method> <!-- doAssert -->
        <test-method is-config="true" signature="getXpath()[pri:0, instance:com.testing.testNG.tests.LoginTest_DataProvi@2fd1433e]" started-at="2022-09-24T17:05:32 IST" name="getXpath" finished-at="2022-09-24T17:05:32 IST" duration-ms="44" status="PASS">
          <reporter-output>
          </reporter-output>
        </test-method> <!-- getXpath -->
        <test-method signature="doLogin(java.lang.String,java.lang.String,java.lang.String)[pri:0, instance:com.testing.testNG.tests.LoginTest_DataProvi@2fd1433e]" started-at="2022-09-24T17:05:32 IST" name="doLogin" data-provider="loginData" finished-at="2022-09-24T17:05:32 IST" duration-ms="70" status="PASS">
          <params>
            <param index="0">
              <value>
                <![CDATA[Email is invalid]]>
              </value>
            </param>
            <param index="1">
              <value>
                <![CDATA[uecodes@gmail.com]]>
              </value>
            </param>
            <param index="2">
              <value>
                <![CDATA[123456]]>
              </value>
            </param>
          </params>
          <reporter-output>
          </reporter-output>
        </test-method> <!-- doLogin -->
        <test-method is-config="true" signature="doAssert()[pri:0, instance:com.testing.testNG.tests.LoginTest_DataProvi@2fd1433e]" started-at="2022-09-24T17:05:32 IST" name="doAssert" finished-at="2022-09-24T17:05:32 IST" duration-ms="4" status="PASS">
          <reporter-output>
          </reporter-output>
        </test-method> <!-- doAssert -->
        <test-method is-config="true" signature="getXpath()[pri:0, instance:com.testing.testNG.tests.LoginTest_DataProvi@2fd1433e]" started-at="2022-09-24T17:05:32 IST" name="getXpath" finished-at="2022-09-24T17:05:32 IST" duration-ms="42" status="PASS">
          <reporter-output>
          </reporter-output>
        </test-method> <!-- getXpath -->
        <test-method signature="doLogin(java.lang.String,java.lang.String,java.lang.String)[pri:0, instance:com.testing.testNG.tests.LoginTest_DataProvi@2fd1433e]" started-at="2022-09-24T17:05:32 IST" name="doLogin" data-provider="loginData" finished-at="2022-09-24T17:05:32 IST" duration-ms="69" status="PASS">
          <params>
            <param index="0">
              <value>
                <![CDATA[Password is invalid]]>
              </value>
            </param>
            <param index="1">
              <value>
                <![CDATA[queuecodes@gmail.com]]>
              </value>
            </param>
            <param index="2">
              <value>
                <![CDATA[12356]]>
              </value>
            </param>
          </params>
          <reporter-output>
          </reporter-output>
        </test-method> <!-- doLogin -->
        <test-method is-config="true" signature="doAssert()[pri:0, instance:com.testing.testNG.tests.LoginTest_DataProvi@2fd1433e]" started-at="2022-09-24T17:05:32 IST" name="doAssert" finished-at="2022-09-24T17:05:32 IST" duration-ms="3" status="PASS">
          <reporter-output>
          </reporter-output>
        </test-method> <!-- doAssert -->
        <test-method is-config="true" signature="getXpath()[pri:0, instance:com.testing.testNG.tests.LoginTest_DataProvi@2fd1433e]" started-at="2022-09-24T17:05:32 IST" name="getXpath" finished-at="2022-09-24T17:05:32 IST" duration-ms="44" status="PASS">
          <reporter-output>
          </reporter-output>
        </test-method> <!-- getXpath -->
        <test-method signature="doLogin(java.lang.String,java.lang.String,java.lang.String)[pri:0, instance:com.testing.testNG.tests.LoginTest_DataProvi@2fd1433e]" started-at="2022-09-24T17:05:32 IST" name="doLogin" data-provider="loginData" finished-at="2022-09-24T17:05:33 IST" duration-ms="1219" status="PASS">
          <params>
            <param index="0">
              <value>
                <![CDATA[Both are valid]]>
              </value>
            </param>
            <param index="1">
              <value>
                <![CDATA[queuecodes@gmail.com]]>
              </value>
            </param>
            <param index="2">
              <value>
                <![CDATA[123456]]>
              </value>
            </param>
          </params>
          <reporter-output>
          </reporter-output>
        </test-method> <!-- doLogin -->
        <test-method is-config="true" signature="doAssert()[pri:0, instance:com.testing.testNG.tests.LoginTest_DataProvi@2fd1433e]" started-at="2022-09-24T17:05:33 IST" name="doAssert" finished-at="2022-09-24T17:05:33 IST" duration-ms="3" status="PASS">
          <reporter-output>
          </reporter-output>
        </test-method> <!-- doAssert -->
        <test-method is-config="true" signature="tearDown()[pri:0, instance:com.testing.testNG.tests.LoginTest_DataProvi@2fd1433e]" started-at="2022-09-24T17:05:34 IST" name="tearDown" finished-at="2022-09-24T17:05:34 IST" duration-ms="61" status="PASS">
          <reporter-output>
          </reporter-output>
        </test-method> <!-- tearDown -->
      </class> <!-- com.testing.testNG.tests.LoginTest_DataProvi -->
    </test> <!-- Test -->
  </suite> <!-- Suite -->
</testng-results>
