<?xml version="1.0" encoding="UTF-8"?>
<testng-results ignored="0" total="1" passed="1" failed="0" skipped="0">
  <reporter-output>
  </reporter-output>
  <suite started-at="2022-09-24T10:49:15 IST" name="Default suite" finished-at="2022-09-24T10:49:17 IST" duration-ms="1317">
    <groups>
    </groups>
    <test started-at="2022-09-24T10:49:15 IST" name="Default test" finished-at="2022-09-24T10:49:17 IST" duration-ms="1317">
      <class name="com.testing.testNG.tests.Login_Test">
        <test-method is-config="true" signature="doSetUp()[pri:0, instance:com.testing.testNG.tests.Login_Test@7f3b84b8]" started-at="2022-09-24T10:49:12 IST" name="doSetUp" finished-at="2022-09-24T10:49:15 IST" duration-ms="3302" status="PASS">
          <reporter-output>
          </reporter-output>
        </test-method> <!-- doSetUp -->
        <test-method is-config="true" signature="getXpath()[pri:0, instance:com.testing.testNG.tests.Login_Test@7f3b84b8]" started-at="2022-09-24T10:49:15 IST" name="getXpath" finished-at="2022-09-24T10:49:15 IST" duration-ms="56" status="PASS">
          <reporter-output>
          </reporter-output>
        </test-method> <!-- getXpath -->
        <test-method signature="doLogin()[pri:0, instance:com.testing.testNG.tests.Login_Test@7f3b84b8]" started-at="2022-09-24T10:49:15 IST" name="doLogin" finished-at="2022-09-24T10:49:17 IST" duration-ms="1224" status="PASS">
          <reporter-output>
          </reporter-output>
        </test-method> <!-- doLogin -->
        <test-method is-config="true" signature="doAssert()[pri:0, instance:com.testing.testNG.tests.Login_Test@7f3b84b8]" started-at="2022-09-24T10:49:17 IST" name="doAssert" finished-at="2022-09-24T10:49:17 IST" duration-ms="15" status="PASS">
          <reporter-output>
          </reporter-output>
        </test-method> <!-- doAssert -->
        <test-method is-config="true" signature="tearDown()[pri:0, instance:com.testing.testNG.tests.Login_Test@7f3b84b8]" started-at="2022-09-24T10:49:17 IST" name="tearDown" finished-at="2022-09-24T10:49:17 IST" duration-ms="125" status="PASS">
          <reporter-output>
          </reporter-output>
        </test-method> <!-- tearDown -->
      </class> <!-- com.testing.testNG.tests.Login_Test -->
    </test> <!-- Default test -->
  </suite> <!-- Default suite -->
</testng-results>
